
The following have been reloaded with a version change:
  1) CUDA/11.0.2-GCC-9.3.0 => CUDA/11.1.1-GCC-10.2.0
  2) CUDAcore/11.0.2 => CUDAcore/11.1.1
  3) Check/0.15.2-GCCcore-9.3.0 => Check/0.15.2-GCCcore-10.2.0
  4) FFTW/3.3.8-gompic-2020a => FFTW/3.3.8-gompic-2020b
  5) GCC/9.3.0 => GCC/10.2.0
  6) GCCcore/9.3.0 => GCCcore/10.2.0
  7) GDRCopy/2.1-GCCcore-9.3.0-CUDA-11.0.2 => GDRCopy/2.1-GCCcore-10.2.0-CUDA-11.1.1
  8) GMP/6.2.0-GCCcore-9.3.0 => GMP/6.2.0-GCCcore-10.2.0
  9) OpenBLAS/0.3.9-GCC-9.3.0 => OpenBLAS/0.3.12-GCC-10.2.0
 10) OpenMPI/4.0.3-gcccuda-2020a => OpenMPI/4.0.5-gcccuda-2020b
 11) PMIx/3.1.5-GCCcore-9.3.0 => PMIx/3.1.5-GCCcore-10.2.0
 12) Python/3.8.2-GCCcore-9.3.0 => Python/3.8.6-GCCcore-10.2.0
 13) SQLite/3.31.1-GCCcore-9.3.0 => SQLite/3.33.0-GCCcore-10.2.0
 14) ScaLAPACK/2.1.0-gompic-2020a => ScaLAPACK/2.1.0-gompic-2020b
 15) SciPy-bundle/2020.03-fosscuda-2020a-Python-3.8.2 => SciPy-bundle/2020.11-fosscuda-2020b
 16) Tcl/8.6.10-GCCcore-9.3.0 => Tcl/8.6.10-GCCcore-10.2.0
 17) UCX/1.8.0-GCCcore-9.3.0-CUDA-11.0.2 => UCX/1.9.0-GCCcore-10.2.0-CUDA-11.1.1
 18) XZ/5.2.5-GCCcore-9.3.0 => XZ/5.2.5-GCCcore-10.2.0
 19) binutils/2.34-GCCcore-9.3.0 => binutils/2.35-GCCcore-10.2.0
 20) bzip2/1.0.8-GCCcore-9.3.0 => bzip2/1.0.8-GCCcore-10.2.0
 21) fosscuda/2020a => fosscuda/2020b
 22) gcccuda/2020a => gcccuda/2020b
 23) gompic/2020a => gompic/2020b
 24) hwloc/2.2.0-GCCcore-9.3.0 => hwloc/2.2.0-GCCcore-10.2.0
 25) libevent/2.1.11-GCCcore-9.3.0 => libevent/2.1.12-GCCcore-10.2.0
 26) libfabric/1.11.0-GCCcore-9.3.0 => libfabric/1.11.0-GCCcore-10.2.0
 27) libffi/3.3-GCCcore-9.3.0 => libffi/3.3-GCCcore-10.2.0
 28) libpciaccess/0.16-GCCcore-9.3.0 => libpciaccess/0.16-GCCcore-10.2.0
 29) libreadline/8.0-GCCcore-9.3.0 => libreadline/8.0-GCCcore-10.2.0
 30) libxml2/2.9.10-GCCcore-9.3.0 => libxml2/2.9.10-GCCcore-10.2.0
 31) ncurses/6.2-GCCcore-9.3.0 => ncurses/6.2-GCCcore-10.2.0
 32) numactl/2.0.13-GCCcore-9.3.0 => numactl/2.0.13-GCCcore-10.2.0
 33) pybind11/2.4.3-GCCcore-9.3.0-Python-3.8.2 => pybind11/2.6.0-GCCcore-10.2.0
 34) zlib/1.2.11-GCCcore-9.3.0 => zlib/1.2.11-GCCcore-10.2.0

2023-04-14 13:11:20.960750: I tensorflow/stream_executor/platform/default/dso_loader.cc:48] Successfully opened dynamic library libcudart.so.11.0
2023-04-14 13:11:42.300847: I tensorflow/stream_executor/platform/default/dso_loader.cc:48] Successfully opened dynamic library libcuda.so.1
2023-04-14 13:11:42.322984: E tensorflow/stream_executor/cuda/cuda_driver.cc:314] failed call to cuInit: CUDA_ERROR_NO_DEVICE: no CUDA-capable device is detected
2023-04-14 13:11:42.323056: I tensorflow/stream_executor/cuda/cuda_diagnostics.cc:169] retrieving CUDA diagnostic information for host: desktop18
2023-04-14 13:11:42.323068: I tensorflow/stream_executor/cuda/cuda_diagnostics.cc:176] hostname: desktop18
2023-04-14 13:11:42.323204: I tensorflow/stream_executor/cuda/cuda_diagnostics.cc:200] libcuda reported version is: 470.86.0
2023-04-14 13:11:42.323249: I tensorflow/stream_executor/cuda/cuda_diagnostics.cc:204] kernel reported version is: 470.86.0
2023-04-14 13:11:42.323259: I tensorflow/stream_executor/cuda/cuda_diagnostics.cc:310] kernel version seems to match DSO: 470.86.0
2023-04-14 13:11:42.334230: I tensorflow/core/common_runtime/process_util.cc:146] Creating new thread pool with default inter op setting: 2. Tune using inter_op_parallelism_threads for best performance.
2023-04-14 13:11:45.947232: I tensorflow/core/profiler/lib/profiler_session.cc:164] Profiler session started.
Found 624 validated image filenames belonging to 2 classes.
Found 156 validated image filenames belonging to 2 classes.
CarbonTracker: CRITICAL - Traceback (most recent call last):
  File "/home/ddeq/.local/lib/python3.8/site-packages/carbontracker/tracker.py", line 117, in run
    self.begin()
  File "/home/ddeq/.local/lib/python3.8/site-packages/carbontracker/tracker.py", line 131, in begin
    self._components_remove_unavailable()
  File "/home/ddeq/.local/lib/python3.8/site-packages/carbontracker/tracker.py", line 187, in _components_remove_unavailable
    raise exceptions.NoComponentsAvailableError()
carbontracker.exceptions.NoComponentsAvailableError: No components were available. CarbonTracker supports Intel CPUs with the RAPL interface and NVIDIA GPUs.

CarbonTracker: Traceback (most recent call last):
  File "/home/ddeq/.local/lib/python3.8/site-packages/carbontracker/tracker.py", line 117, in run
    self.begin()
  File "/home/ddeq/.local/lib/python3.8/site-packages/carbontracker/tracker.py", line 131, in begin
    self._components_remove_unavailable()
  File "/home/ddeq/.local/lib/python3.8/site-packages/carbontracker/tracker.py", line 187, in _components_remove_unavailable
    raise exceptions.NoComponentsAvailableError()
carbontracker.exceptions.NoComponentsAvailableError: No components were available. CarbonTracker supports Intel CPUs with the RAPL interface and NVIDIA GPUs.

