
loading Tensorflow

loading scikit-learn

The following have been reloaded with a version change:
  1) CUDA/11.0.2-GCC-9.3.0 => CUDA/11.1.1-GCC-10.2.0
  2) CUDAcore/11.0.2 => CUDAcore/11.1.1
  3) Check/0.15.2-GCCcore-9.3.0 => Check/0.15.2-GCCcore-10.2.0
  4) FFTW/3.3.8-gompic-2020a => FFTW/3.3.8-gompic-2020b
  5) GCC/9.3.0 => GCC/10.2.0
  6) GCCcore/9.3.0 => GCCcore/10.2.0
  7) GDRCopy/2.1-GCCcore-9.3.0-CUDA-11.0.2 => GDRCopy/2.1-GCCcore-10.2.0-CUDA-11.1.1
  8) GMP/6.2.0-GCCcore-9.3.0 => GMP/6.2.0-GCCcore-10.2.0
  9) OpenBLAS/0.3.9-GCC-9.3.0 => OpenBLAS/0.3.12-GCC-10.2.0
 10) OpenMPI/4.0.3-gcccuda-2020a => OpenMPI/4.0.5-gcccuda-2020b
 11) PMIx/3.1.5-GCCcore-9.3.0 => PMIx/3.1.5-GCCcore-10.2.0
 12) Python/3.8.2-GCCcore-9.3.0 => Python/3.8.6-GCCcore-10.2.0
 13) SQLite/3.31.1-GCCcore-9.3.0 => SQLite/3.33.0-GCCcore-10.2.0
 14) ScaLAPACK/2.1.0-gompic-2020a => ScaLAPACK/2.1.0-gompic-2020b
 15) SciPy-bundle/2020.03-fosscuda-2020a-Python-3.8.2 => SciPy-bundle/2020.11-fosscuda-2020b
 16) Tcl/8.6.10-GCCcore-9.3.0 => Tcl/8.6.10-GCCcore-10.2.0
 17) UCX/1.8.0-GCCcore-9.3.0-CUDA-11.0.2 => UCX/1.9.0-GCCcore-10.2.0-CUDA-11.1.1
 18) XZ/5.2.5-GCCcore-9.3.0 => XZ/5.2.5-GCCcore-10.2.0
 19) binutils/2.34-GCCcore-9.3.0 => binutils/2.35-GCCcore-10.2.0
 20) bzip2/1.0.8-GCCcore-9.3.0 => bzip2/1.0.8-GCCcore-10.2.0
 21) fosscuda/2020a => fosscuda/2020b
 22) gcccuda/2020a => gcccuda/2020b
 23) gompic/2020a => gompic/2020b
 24) hwloc/2.2.0-GCCcore-9.3.0 => hwloc/2.2.0-GCCcore-10.2.0
 25) libevent/2.1.11-GCCcore-9.3.0 => libevent/2.1.12-GCCcore-10.2.0
 26) libfabric/1.11.0-GCCcore-9.3.0 => libfabric/1.11.0-GCCcore-10.2.0
 27) libffi/3.3-GCCcore-9.3.0 => libffi/3.3-GCCcore-10.2.0
 28) libpciaccess/0.16-GCCcore-9.3.0 => libpciaccess/0.16-GCCcore-10.2.0
 29) libreadline/8.0-GCCcore-9.3.0 => libreadline/8.0-GCCcore-10.2.0
 30) libxml2/2.9.10-GCCcore-9.3.0 => libxml2/2.9.10-GCCcore-10.2.0
 31) ncurses/6.2-GCCcore-9.3.0 => ncurses/6.2-GCCcore-10.2.0
 32) numactl/2.0.13-GCCcore-9.3.0 => numactl/2.0.13-GCCcore-10.2.0
 33) pybind11/2.4.3-GCCcore-9.3.0-Python-3.8.2 => pybind11/2.6.0-GCCcore-10.2.0
 34) zlib/1.2.11-GCCcore-9.3.0 => zlib/1.2.11-GCCcore-10.2.0


Upgrade pip, install requirements, upgrade pandas
Defaulting to user installation because normal site-packages is not writeable
Requirement already satisfied: pip in /home/ddeq/.local/lib/python3.8/site-packages (23.1)
Defaulting to user installation because normal site-packages is not writeable
Requirement already satisfied: cuda-python in /home/ddeq/.local/lib/python3.8/site-packages (from -r requirements.txt (line 1)) (12.1.0)
Requirement already satisfied: tensorboardX in /home/ddeq/.local/lib/python3.8/site-packages (from -r requirements.txt (line 2)) (2.6)
Requirement already satisfied: psutil in /opt/itu/easybuild/software/Python/3.8.6-GCCcore-10.2.0/lib/python3.8/site-packages (from -r requirements.txt (line 3)) (5.7.2)
Requirement already satisfied: opencv-python in /home/ddeq/.local/lib/python3.8/site-packages (from -r requirements.txt (line 4)) (4.2.0.32)
Requirement already satisfied: Pillow in /home/ddeq/.local/lib/python3.8/site-packages (from -r requirements.txt (line 5)) (8.3.1)
Requirement already satisfied: matplotlib in /home/ddeq/.local/lib/python3.8/site-packages (from -r requirements.txt (line 6)) (3.4.3)
Requirement already satisfied: carbontracker in /home/ddeq/.local/lib/python3.8/site-packages (from -r requirements.txt (line 7)) (1.1.7)
Collecting pandas>=1.3.0 (from -r requirements.txt (line 8))
  Using cached pandas-2.0.0-cp38-cp38-manylinux_2_17_x86_64.manylinux2014_x86_64.whl (12.3 MB)
Requirement already satisfied: cython in /home/ddeq/.local/lib/python3.8/site-packages (from cuda-python->-r requirements.txt (line 1)) (0.29.24)
Requirement already satisfied: numpy in /opt/itu/easybuild/software/SciPy-bundle/2020.11-fosscuda-2020b/lib/python3.8/site-packages (from tensorboardX->-r requirements.txt (line 2)) (1.19.4)
Requirement already satisfied: packaging in /home/ddeq/.local/lib/python3.8/site-packages (from tensorboardX->-r requirements.txt (line 2)) (21.0)
Requirement already satisfied: protobuf<4,>=3.8.0 in /opt/itu/easybuild/software/protobuf-python/3.13.0-fosscuda-2020a-Python-3.8.2/lib/python3.8/site-packages (from tensorboardX->-r requirements.txt (line 2)) (3.13.0)
Requirement already satisfied: cycler>=0.10 in /home/ddeq/.local/lib/python3.8/site-packages (from matplotlib->-r requirements.txt (line 6)) (0.10.0)
Requirement already satisfied: kiwisolver>=1.0.1 in /home/ddeq/.local/lib/python3.8/site-packages (from matplotlib->-r requirements.txt (line 6)) (1.3.1)
Requirement already satisfied: pyparsing>=2.2.1 in /opt/itu/easybuild/software/Python/3.8.6-GCCcore-10.2.0/lib/python3.8/site-packages (from matplotlib->-r requirements.txt (line 6)) (2.4.7)
Requirement already satisfied: python-dateutil>=2.7 in /home/ddeq/.local/lib/python3.8/site-packages (from matplotlib->-r requirements.txt (line 6)) (2.8.2)
Requirement already satisfied: requests in /home/ddeq/.local/lib/python3.8/site-packages (from carbontracker->-r requirements.txt (line 7)) (2.26.0)
Requirement already satisfied: geocoder in /home/ddeq/.local/lib/python3.8/site-packages (from carbontracker->-r requirements.txt (line 7)) (1.38.1)
Requirement already satisfied: pynvml in /home/ddeq/.local/lib/python3.8/site-packages (from carbontracker->-r requirements.txt (line 7)) (11.5.0)
Requirement already satisfied: importlib-metadata in /home/ddeq/.local/lib/python3.8/site-packages (from carbontracker->-r requirements.txt (line 7)) (4.6.4)
Requirement already satisfied: pytz>=2020.1 in /opt/itu/easybuild/software/Python/3.8.6-GCCcore-10.2.0/lib/python3.8/site-packages (from pandas>=1.3.0->-r requirements.txt (line 8)) (2020.1)
Requirement already satisfied: tzdata>=2022.1 in /home/ddeq/.local/lib/python3.8/site-packages (from pandas>=1.3.0->-r requirements.txt (line 8)) (2023.3)
Collecting numpy (from tensorboardX->-r requirements.txt (line 2))
  Using cached numpy-1.24.2-cp38-cp38-manylinux_2_17_x86_64.manylinux2014_x86_64.whl (17.3 MB)
Requirement already satisfied: six in /home/ddeq/.local/lib/python3.8/site-packages (from cycler>=0.10->matplotlib->-r requirements.txt (line 6)) (1.16.0)
Requirement already satisfied: setuptools in /opt/itu/easybuild/software/Python/3.8.6-GCCcore-10.2.0/lib/python3.8/site-packages (from protobuf<4,>=3.8.0->tensorboardX->-r requirements.txt (line 2)) (50.3.0)
Requirement already satisfied: click in /home/ddeq/.local/lib/python3.8/site-packages (from geocoder->carbontracker->-r requirements.txt (line 7)) (8.0.1)
Requirement already satisfied: future in /opt/itu/easybuild/software/Python/3.8.6-GCCcore-10.2.0/lib/python3.8/site-packages (from geocoder->carbontracker->-r requirements.txt (line 7)) (0.18.2)
Requirement already satisfied: ratelim in /home/ddeq/.local/lib/python3.8/site-packages (from geocoder->carbontracker->-r requirements.txt (line 7)) (0.1.6)
Requirement already satisfied: zipp>=0.5 in /home/ddeq/.local/lib/python3.8/site-packages (from importlib-metadata->carbontracker->-r requirements.txt (line 7)) (3.5.0)
Requirement already satisfied: urllib3<1.27,>=1.21.1 in /home/ddeq/.local/lib/python3.8/site-packages (from requests->carbontracker->-r requirements.txt (line 7)) (1.26.6)
Requirement already satisfied: certifi>=2017.4.17 in /home/ddeq/.local/lib/python3.8/site-packages (from requests->carbontracker->-r requirements.txt (line 7)) (2021.5.30)
Requirement already satisfied: charset-normalizer~=2.0.0 in /home/ddeq/.local/lib/python3.8/site-packages (from requests->carbontracker->-r requirements.txt (line 7)) (2.0.4)
Requirement already satisfied: idna<4,>=2.5 in /home/ddeq/.local/lib/python3.8/site-packages (from requests->carbontracker->-r requirements.txt (line 7)) (3.2)
Requirement already satisfied: decorator in /opt/itu/easybuild/software/Python/3.8.6-GCCcore-10.2.0/lib/python3.8/site-packages (from ratelim->geocoder->carbontracker->-r requirements.txt (line 7)) (4.4.2)
Installing collected packages: numpy, pandas
ERROR: pip's dependency resolver does not currently take into account all the packages that are installed. This behaviour is the source of the following dependency conflicts.
albumentations 1.0.0 requires PyYAML, which is not installed.
albumentations 1.0.0 requires scikit-image>=0.16.1, which is not installed.
imgaug 0.4.0 requires imageio, which is not installed.
imgaug 0.4.0 requires scikit-image>=0.14.2, which is not installed.
tensorflow 2.3.1 requires numpy<1.19.0,>=1.16.0, but you have numpy 1.24.2 which is incompatible.
Successfully installed numpy-1.21.2 pandas-2.0.0
Defaulting to user installation because normal site-packages is not writeable
Requirement already satisfied: pandas in /opt/itu/easybuild/software/SciPy-bundle/2020.11-fosscuda-2020b/lib/python3.8/site-packages (1.1.4)
Collecting pandas
  Using cached pandas-2.0.0-cp38-cp38-manylinux_2_17_x86_64.manylinux2014_x86_64.whl (12.3 MB)
Requirement already satisfied: python-dateutil>=2.8.2 in /home/ddeq/.local/lib/python3.8/site-packages (from pandas) (2.8.2)
Requirement already satisfied: pytz>=2020.1 in /opt/itu/easybuild/software/Python/3.8.6-GCCcore-10.2.0/lib/python3.8/site-packages (from pandas) (2020.1)
Requirement already satisfied: tzdata>=2022.1 in /home/ddeq/.local/lib/python3.8/site-packages (from pandas) (2023.3)
Collecting numpy>=1.20.3 (from pandas)
  Using cached numpy-1.24.2-cp38-cp38-manylinux_2_17_x86_64.manylinux2014_x86_64.whl (17.3 MB)
Requirement already satisfied: six>=1.5 in /home/ddeq/.local/lib/python3.8/site-packages (from python-dateutil>=2.8.2->pandas) (1.16.0)
Installing collected packages: numpy, pandas
ERROR: pip's dependency resolver does not currently take into account all the packages that are installed. This behaviour is the source of the following dependency conflicts.
albumentations 1.0.0 requires PyYAML, which is not installed.
albumentations 1.0.0 requires scikit-image>=0.16.1, which is not installed.
imgaug 0.4.0 requires imageio, which is not installed.
imgaug 0.4.0 requires scikit-image>=0.14.2, which is not installed.
tensorflow 2.3.1 requires numpy<1.19.0,>=1.16.0, but you have numpy 1.24.2 which is incompatible.
Successfully installed numpy-1.21.2 pandas-2.0.0
Pandas version: 1.1.4

Making thyroid dataframe
2023-04-17 11:38:22.614597: I tensorflow/stream_executor/platform/default/dso_loader.cc:48] Successfully opened dynamic library libcudart.so.11.0
Traceback (most recent call last):
  File "src/make_dataframe.py", line 14, in <module>
    dataframe = collect_data(home, args.dataset)
  File "/home/data_shares/ccdd/revisiting-transfer/src/io_fun/data_import.py", line 474, in collect_data
    dataframe = import_thyroid(data_dir)
  File "/home/data_shares/ccdd/revisiting-transfer/src/io_fun/data_import.py", line 271, in import_thyroid
    meta_df = pd.read_xml(file_path)
  File "/opt/itu/easybuild/software/SciPy-bundle/2020.11-fosscuda-2020b/lib/python3.8/site-packages/pandas/__init__.py", line 258, in __getattr__
    raise AttributeError(f"module 'pandas' has no attribute '{name}'")
AttributeError: module 'pandas' has no attribute 'read_xml'
